Flutter crash report.
Please report a bug at https://github.com/flutter/flutter/issues.

## command

flutter --no-color run --machine --track-widget-creation --device-id=R8YW10MQACN --start-paused --dart-define=flutter.inspector.structuredErrors=true --devtools-server-address=http://127.0.0.1:9100 lib\main.dart

## exception

FileSystemException: FileSystemException: Failed to decode data using encoding 'utf-8', path = 'C:\Users\DAVID\StudioProjects\drpclock\android\local.properties'

```
#0      _File._tryDecode (dart:io/file_impl.dart:707:7)
#1      _File.readAsStringSync (dart:io/file_impl.dart:718:7)
#2      ForwardingFile.readAsStringSync (package:file/src/forwarding/forwarding_file.dart:99:16)
#3      ErrorHandlingFile.readAsStringSync.<anonymous closure> (package:flutter_tools/src/base/error_handling_io.dart:212:22)
#4      _runSync (package:flutter_tools/src/base/error_handling_io.dart:550:14)
#5      ErrorHandlingFile.readAsStringSync (package:flutter_tools/src/base/error_handling_io.dart:211:12)
#6      new SettingsFile.parseFromFile (package:flutter_tools/src/base/utils.dart:175:59)
#7      updateLocalProperties (package:flutter_tools/src/android/gradle_utils.dart:721:29)
#8      AndroidProject.ensureReadyForPlatformSpecificTooling (package:flutter_tools/src/project.dart:777:12)
#9      FlutterProject.ensureReadyForPlatformSpecificTooling (package:flutter_tools/src/project.dart:370:21)
<asynchronous suspension>
#10     FlutterCommand.verifyThenRunCommand (package:flutter_tools/src/runner/flutter_command.dart:1910:7)
<asynchronous suspension>
#11     FlutterCommand.run.<anonymous closure> (package:flutter_tools/src/runner/flutter_command.dart:1558:27)
<asynchronous suspension>
#12     AppContext.run.<anonymous closure> (package:flutter_tools/src/base/context.dart:154:19)
<asynchronous suspension>
#13     CommandRunner.runCommand (package:args/command_runner.dart:212:13)
<asynchronous suspension>
#14     FlutterCommandRunner.runCommand.<anonymous closure> (package:flutter_tools/src/runner/flutter_command_runner.dart:496:9)
<asynchronous suspension>
#15     AppContext.run.<anonymous closure> (package:flutter_tools/src/base/context.dart:154:19)
<asynchronous suspension>
#16     FlutterCommandRunner.runCommand (package:flutter_tools/src/runner/flutter_command_runner.dart:431:5)
<asynchronous suspension>
#17     run.<anonymous closure>.<anonymous closure> (package:flutter_tools/runner.dart:98:11)
<asynchronous suspension>
#18     AppContext.run.<anonymous closure> (package:flutter_tools/src/base/context.dart:154:19)
<asynchronous suspension>
#19     main (package:flutter_tools/executable.dart:99:3)
<asynchronous suspension>
```

## flutter doctor

```
[✓] Flutter (Channel stable, 3.29.3, on Microsoft Windows [Versi¢n 10.0.26100.4061], locale es-ES) [410ms]
    • Flutter version 3.29.3 on channel stable at C:\Users\DAVID\dev\flutter
    • Upstream repository https://github.com/flutter/flutter.git
    • Framework revision ea121f8859 (9 weeks ago), 2025-04-11 19:10:07 +0000
    • Engine revision cf56914b32
    • Dart version 3.7.2
    • DevTools version 2.42.3

[✓] Windows Version (Windows 11 or higher, 24H2, 2009) [3,9s]

[✓] Android toolchain - develop for Android devices (Android SDK version 35.0.1) [3,4s]
    • Android SDK at C:\Users\DAVID\AppData\Local\Android\sdk
    • Platform android-35, build-tools 35.0.1
    • Java binary at: C:\Program Files\Android\Android Studio\jbr\bin\java
      This is the JDK bundled with the latest Android Studio installation on this machine.
      To manually set the JDK path, use: `flutter config --jdk-dir="path/to/jdk"`.
    • Java version OpenJDK Runtime Environment (build 21.0.6+-13368085-b895.109)
    • All Android licenses accepted.

[✓] Chrome - develop for the web [100ms]
    • Chrome at C:\Program Files\Google\Chrome\Application\chrome.exe

[✓] Visual Studio - develop Windows apps (Visual Studio Community 2022 17.14.0) [99ms]
    • Visual Studio at C:\Program Files\Microsoft Visual Studio\2022\Community
    • Visual Studio Community 2022 version 17.14.36109.1
    • Windows 10 SDK version 10.0.26100.0

[✓] Android Studio (version 2024.3.2) [6ms]
    • Android Studio at C:\Program Files\Android\Android Studio
    • Flutter plugin can be installed from:
      🔨 https://plugins.jetbrains.com/plugin/9212-flutter
    • Dart plugin can be installed from:
      🔨 https://plugins.jetbrains.com/plugin/6351-dart
    • Java version OpenJDK Runtime Environment (build 21.0.6+-13368085-b895.109)

[✓] VS Code (version 1.100.2) [5ms]
    • VS Code at C:\Users\DAVID\AppData\Local\Programs\Microsoft VS Code
    • Flutter extension can be installed from:
      🔨 https://marketplace.visualstudio.com/items?itemName=Dart-Code.flutter

[✓] Connected device (4 available) [329ms]
    • SM X200 (mobile)  • R8YW10MQACN • android-arm64  • Android 14 (API 34)
    • Windows (desktop) • windows     • windows-x64    • Microsoft Windows [Versi¢n 10.0.26100.4061]
    • Chrome (web)      • chrome      • web-javascript • Google Chrome 137.0.7151.104
    • Edge (web)        • edge        • web-javascript • Microsoft Edge 136.0.3240.76

[✓] Network resources [284ms]
    • All expected network resources are available.

• No issues found!
```
